[debug] [2021-08-25T02:29:40.221Z] ----------------------------------------------------------------------
[debug] [2021-08-25T02:29:40.226Z] Command:       /usr/bin/node /usr/local/bin/firebase deploy
[debug] [2021-08-25T02:29:40.227Z] CLI Version:   9.16.5
[debug] [2021-08-25T02:29:40.227Z] Platform:      linux
[debug] [2021-08-25T02:29:40.227Z] Node Version:  v10.19.0
[debug] [2021-08-25T02:29:40.227Z] Time:          Tue Aug 24 2021 21:29:40 GMT-0500 (Central Daylight Time)
[debug] [2021-08-25T02:29:40.228Z] ----------------------------------------------------------------------
[debug] 
[debug] [2021-08-25T02:29:40.384Z] > command requires scopes: ["email","openid","https://www.googleapis.com/auth/cloudplatformprojects.readonly","https://www.googleapis.com/auth/firebase","https://www.googleapis.com/auth/cloud-platform"]
[debug] [2021-08-25T02:29:40.384Z] > authorizing via signed-in user (beaboutclayton@gmail.com)
[debug] [2021-08-25T02:29:40.384Z] [iam] checking project beabout-personal-site for permissions ["firebase.projects.get","firebasehosting.sites.update"]
[debug] [2021-08-25T02:29:40.388Z] > refreshing access token with scopes: ["email","https://www.googleapis.com/auth/cloud-platform","https://www.googleapis.com/auth/cloudplatformprojects.readonly","https://www.googleapis.com/auth/firebase","openid"]
[debug] [2021-08-25T02:29:40.389Z] >>> HTTP REQUEST POST https://www.googleapis.com/oauth2/v3/token  
 <request body omitted>
[debug] [2021-08-25T02:29:40.575Z] <<< HTTP RESPONSE 200 {"cache-control":"no-cache, no-store, max-age=0, must-revalidate","date":"Wed, 25 Aug 2021 02:29:40 GMT","expires":"Mon, 01 Jan 1990 00:00:00 GMT","pragma":"no-cache","content-type":"application/json; charset=utf-8","vary":"X-Origin, Referer, Origin,Accept-Encoding","server":"scaffolding on HTTPServer2","x-xss-protection":"0","x-frame-options":"SAMEORIGIN","x-content-type-options":"nosniff","alt-svc":"h3=\":443\"; ma=2592000,h3-29=\":443\"; ma=2592000,h3-T051=\":443\"; ma=2592000,h3-Q050=\":443\"; ma=2592000,h3-Q046=\":443\"; ma=2592000,h3-Q043=\":443\"; ma=2592000,quic=\":443\"; ma=2592000; v=\"46,43\"","accept-ranges":"none","transfer-encoding":"chunked"}
[debug] [2021-08-25T02:29:40.688Z] >>> HTTP REQUEST POST https://cloudresourcemanager.googleapis.com/v1/projects/beabout-personal-site:testIamPermissions  
 {"permissions":["firebase.projects.get","firebasehosting.sites.update"]}
[debug] [2021-08-25T02:29:40.843Z] <<< HTTP RESPONSE 200 {"content-type":"application/json; charset=UTF-8","vary":"X-Origin, Referer, Origin,Accept-Encoding","date":"Wed, 25 Aug 2021 02:29:40 GMT","server":"ESF","cache-control":"private","x-xss-protection":"0","x-frame-options":"SAMEORIGIN","x-content-type-options":"nosniff","server-timing":"gfet4t7; dur=44","alt-svc":"h3=\":443\"; ma=2592000,h3-29=\":443\"; ma=2592000,h3-T051=\":443\"; ma=2592000,h3-Q050=\":443\"; ma=2592000,h3-Q046=\":443\"; ma=2592000,h3-Q043=\":443\"; ma=2592000,quic=\":443\"; ma=2592000; v=\"46,43\"","accept-ranges":"none","transfer-encoding":"chunked"}
[debug] [2021-08-25T02:29:40.846Z] > refreshing access token with scopes: []
[debug] [2021-08-25T02:29:40.846Z] >>> HTTP REQUEST POST https://www.googleapis.com/oauth2/v3/token  
 <request body omitted>
[debug] [2021-08-25T02:29:40.942Z] <<< HTTP RESPONSE 200 {"expires":"Mon, 01 Jan 1990 00:00:00 GMT","date":"Wed, 25 Aug 2021 02:29:40 GMT","pragma":"no-cache","cache-control":"no-cache, no-store, max-age=0, must-revalidate","content-type":"application/json; charset=utf-8","vary":"X-Origin, Referer, Origin,Accept-Encoding","server":"scaffolding on HTTPServer2","x-xss-protection":"0","x-frame-options":"SAMEORIGIN","x-content-type-options":"nosniff","alt-svc":"h3=\":443\"; ma=2592000,h3-29=\":443\"; ma=2592000,h3-T051=\":443\"; ma=2592000,h3-Q050=\":443\"; ma=2592000,h3-Q046=\":443\"; ma=2592000,h3-Q043=\":443\"; ma=2592000,quic=\":443\"; ma=2592000; v=\"46,43\"","accept-ranges":"none","transfer-encoding":"chunked"}
[debug] [2021-08-25T02:29:41.123Z] >>> [apiv2][query] GET https://firebase.googleapis.com/v1beta1/projects/beabout-personal-site [none]
[debug] [2021-08-25T02:29:41.471Z] <<< [apiv2][status] GET https://firebase.googleapis.com/v1beta1/projects/beabout-personal-site 200
[debug] [2021-08-25T02:29:41.471Z] <<< [apiv2][body] GET https://firebase.googleapis.com/v1beta1/projects/beabout-personal-site {"projectId":"beabout-personal-site","projectNumber":"436323489751","displayName":"Beabout Personal Site","name":"projects/beabout-personal-site","resources":{"hostingSite":"beabout-personal-site","realtimeDatabaseInstance":"beabout-personal-site"},"state":"ACTIVE"}
[info] 
[info] === Deploying to 'beabout-personal-site'...
[info] 
[info] i  deploying hosting 
[debug] [2021-08-25T02:29:41.478Z] > refreshing access token with scopes: ["email","https://www.googleapis.com/auth/cloud-platform","https://www.googleapis.com/auth/cloudplatformprojects.readonly","https://www.googleapis.com/auth/firebase","openid"]
[debug] [2021-08-25T02:29:41.478Z] >>> HTTP REQUEST POST https://www.googleapis.com/oauth2/v3/token  
 <request body omitted>
[debug] [2021-08-25T02:29:41.561Z] <<< HTTP RESPONSE 200 {"cache-control":"no-cache, no-store, max-age=0, must-revalidate","date":"Wed, 25 Aug 2021 02:29:41 GMT","expires":"Mon, 01 Jan 1990 00:00:00 GMT","pragma":"no-cache","content-type":"application/json; charset=utf-8","vary":"X-Origin, Referer, Origin,Accept-Encoding","server":"scaffolding on HTTPServer2","x-xss-protection":"0","x-frame-options":"SAMEORIGIN","x-content-type-options":"nosniff","alt-svc":"h3=\":443\"; ma=2592000,h3-29=\":443\"; ma=2592000,h3-T051=\":443\"; ma=2592000,h3-Q050=\":443\"; ma=2592000,h3-Q046=\":443\"; ma=2592000,h3-Q043=\":443\"; ma=2592000,quic=\":443\"; ma=2592000; v=\"46,43\"","accept-ranges":"none","transfer-encoding":"chunked"}
[debug] [2021-08-25T02:29:41.663Z] >>> HTTP REQUEST POST https://firebasehosting.googleapis.com/v1beta1/sites/beabout-personal-site/versions  
 {"config":{"rewrites":[{"glob":"**","path":"/index.html"}]},"labels":{"deployment-tool":"cli-firebase"}}
[debug] [2021-08-25T02:29:42.176Z] <<< HTTP RESPONSE 200 {"content-type":"application/json; charset=UTF-8","vary":"X-Origin, Referer, Origin,Accept-Encoding","date":"Wed, 25 Aug 2021 02:29:42 GMT","server":"ESF","cache-control":"private","x-xss-protection":"0","x-frame-options":"SAMEORIGIN","x-content-type-options":"nosniff","alt-svc":"h3=\":443\"; ma=2592000,h3-29=\":443\"; ma=2592000,h3-T051=\":443\"; ma=2592000,h3-Q050=\":443\"; ma=2592000,h3-Q046=\":443\"; ma=2592000,h3-Q043=\":443\"; ma=2592000,quic=\":443\"; ma=2592000; v=\"46,43\"","accept-ranges":"none","transfer-encoding":"chunked"}
[info] i  hosting[beabout-personal-site]: beginning deploy... 
[info] i  hosting[beabout-personal-site]: found 21 files in build 
[debug] [2021-08-25T02:29:42.758Z] > refreshing access token with scopes: []
[debug] [2021-08-25T02:29:42.759Z] >>> HTTP REQUEST POST https://www.googleapis.com/oauth2/v3/token  
 <request body omitted>
[debug] [2021-08-25T02:29:42.762Z] [hosting] hash cache [YnVpbGQ] stored for 21 files
[debug] [2021-08-25T02:29:42.762Z] [hosting][hash queue][FINAL] {"max":550,"min":17,"avg":46.61904761904762,"active":0,"complete":21,"success":21,"errored":0,"retried":0,"total":21,"elapsed":562}
[debug] [2021-08-25T02:29:42.903Z] <<< HTTP RESPONSE 200 {"pragma":"no-cache","date":"Wed, 25 Aug 2021 02:29:42 GMT","expires":"Mon, 01 Jan 1990 00:00:00 GMT","cache-control":"no-cache, no-store, max-age=0, must-revalidate","content-type":"application/json; charset=utf-8","vary":"X-Origin, Referer, Origin,Accept-Encoding","server":"scaffolding on HTTPServer2","x-xss-protection":"0","x-frame-options":"SAMEORIGIN","x-content-type-options":"nosniff","alt-svc":"h3=\":443\"; ma=2592000,h3-29=\":443\"; ma=2592000,h3-T051=\":443\"; ma=2592000,h3-Q050=\":443\"; ma=2592000,h3-Q046=\":443\"; ma=2592000,h3-Q043=\":443\"; ma=2592000,quic=\":443\"; ma=2592000; v=\"46,43\"","accept-ranges":"none","transfer-encoding":"chunked"}
[debug] [2021-08-25T02:29:43.007Z] >>> [apiv2][query] POST https://firebasehosting.googleapis.com/v1beta1/sites/beabout-personal-site/versions/c39f5a37bda8ffcb:populateFiles [none]
[debug] [2021-08-25T02:29:43.007Z] >>> [apiv2][body] POST https://firebasehosting.googleapis.com/v1beta1/sites/beabout-personal-site/versions/c39f5a37bda8ffcb:populateFiles {"files":{"/asset-manifest.json":"f455c9921cf93bb1d4a42cdb5207a09a860cf78a7854995b2c43ade6e303e319","/favicon.ico":"12c77055696278694a8feb77a9421dd85f8af25a81d812822be112e4be628fcf","/index.html":"3674fa382056d3101874a371219300876a247ef0b15450b9b04bcda1abdd0cfb","/logo192.png":"76c449ccb9cd117c2f2338f091b18f7050f3210e249b2228f5c81b23f34377cd","/manifest.json":"0958a5e0c831126100c8c2d06a6bbaa665a3900f21aaff4130238a6f5a113aa1","/precache-manifest.c6a48d29d0adb66ae756b1c4fde1cc89.js":"2fbbbd65429cbd4094afd5888bcad2065343146b38b8a36adf179944824a2c08","/logo512.png":"7779210d56c1f3741e2e487799fe3092def4fa6ac450a60532b807c3a8971205","/robots.txt":"2544ca049f223a42bff01f72ad930a5edba75bbb7199d0f8430a02ff5aca16ec","/service-worker.js":"a32e0c40b0138472fb413c58bde62fe5bbef658acca5cd485f625188b1f32ea7","/static/css/main.186e8455.chunk.css":"d800af5f3ed2c343ef93c3054d35fe557198fab5e16082c9e8fcdc3c3e3180c3","/static/js/2.81c2a0b3.chunk.js.LICENSE.txt":"74727db789fa0a696fe581244653adf4b10e75bb31caec1d6c628a68617665d6","/static/css/main.186e8455.chunk.css.map":"cd14297f791da61171ab174d2ca93675104dd9e7243e3de2db1680c22a806bcf","/static/js/main.d00e44fe.chunk.js":"52a82bc3195224636b489a09e3f6c6b41365851f9e8de787a245553fc8e8d0e0","/static/js/runtime-main.83c3e0c4.js":"68c61f60feb23d2db94d4c5ce510ae4a1a298a9a3655ec6c83d0f9762ac5d587","/static/js/main.d00e44fe.chunk.js.map":"fd8796943dc6c3e453be93d202f0fb239572f2a2befecd4043e7b981d3de5e47","/static/js/runtime-main.83c3e0c4.js.map":"2865d279aa6b7b9bb58b7862ad3b49bb41527932e447ddd4418e45cf0053380a","/profilepic.jpeg":"9b27e82cb17b64a8c77d6691a4dbc4f3c91da77563e37cbc04f097486cdad02e","/ClaytonBeabout.pdf":"d0d5d476ba4ed59f76b29179a27494b09a8bbfafcd1fdd9bef3790fb4a278690","/freudian.jpeg":"0ada37ee5d29c28abab47cc796dedbf1e950c2379900c20e1323b04ff1048533","/static/js/2.81c2a0b3.chunk.js":"b1524745862f63c9311bb131a1a87212468692343d188cae87bba68490406e67","/static/js/2.81c2a0b3.chunk.js.map":"1b77a36bcbfccde24ab7edf48895a3f874e9498b076a5951b26115777087a425"}}
[debug] [2021-08-25T02:29:43.406Z] <<< [apiv2][status] POST https://firebasehosting.googleapis.com/v1beta1/sites/beabout-personal-site/versions/c39f5a37bda8ffcb:populateFiles 200
[debug] [2021-08-25T02:29:43.407Z] <<< [apiv2][body] POST https://firebasehosting.googleapis.com/v1beta1/sites/beabout-personal-site/versions/c39f5a37bda8ffcb:populateFiles {"uploadRequiredHashes":["52a82bc3195224636b489a09e3f6c6b41365851f9e8de787a245553fc8e8d0e0","74727db789fa0a696fe581244653adf4b10e75bb31caec1d6c628a68617665d6","2865d279aa6b7b9bb58b7862ad3b49bb41527932e447ddd4418e45cf0053380a","3674fa382056d3101874a371219300876a247ef0b15450b9b04bcda1abdd0cfb","0ada37ee5d29c28abab47cc796dedbf1e950c2379900c20e1323b04ff1048533","2fbbbd65429cbd4094afd5888bcad2065343146b38b8a36adf179944824a2c08","fd8796943dc6c3e453be93d202f0fb239572f2a2befecd4043e7b981d3de5e47","9b27e82cb17b64a8c77d6691a4dbc4f3c91da77563e37cbc04f097486cdad02e","d0d5d476ba4ed59f76b29179a27494b09a8bbfafcd1fdd9bef3790fb4a278690","68c61f60feb23d2db94d4c5ce510ae4a1a298a9a3655ec6c83d0f9762ac5d587","f455c9921cf93bb1d4a42cdb5207a09a860cf78a7854995b2c43ade6e303e319","7779210d56c1f3741e2e487799fe3092def4fa6ac450a60532b807c3a8971205","12c77055696278694a8feb77a9421dd85f8af25a81d812822be112e4be628fcf","d800af5f3ed2c343ef93c3054d35fe557198fab5e16082c9e8fcdc3c3e3180c3","a32e0c40b0138472fb413c58bde62fe5bbef658acca5cd485f625188b1f32ea7","b1524745862f63c9311bb131a1a87212468692343d188cae87bba68490406e67","76c449ccb9cd117c2f2338f091b18f7050f3210e249b2228f5c81b23f34377cd","2544ca049f223a42bff01f72ad930a5edba75bbb7199d0f8430a02ff5aca16ec","0958a5e0c831126100c8c2d06a6bbaa665a3900f21aaff4130238a6f5a113aa1","cd14297f791da61171ab174d2ca93675104dd9e7243e3de2db1680c22a806bcf","1b77a36bcbfccde24ab7edf48895a3f874e9498b076a5951b26115777087a425"],"uploadUrl":"https://upload-firebasehosting.googleapis.com/upload/sites/beabout-personal-site/versions/c39f5a37bda8ffcb/files"}
[debug] [2021-08-25T02:29:43.422Z] >>> [apiv2][query] POST https://upload-firebasehosting.googleapis.com/upload/sites/beabout-personal-site/versions/c39f5a37bda8ffcb/files/52a82bc3195224636b489a09e3f6c6b41365851f9e8de787a245553fc8e8d0e0 [none]
[debug] [2021-08-25T02:29:43.422Z] >>> [apiv2][body] POST https://upload-firebasehosting.googleapis.com/upload/sites/beabout-personal-site/versions/c39f5a37bda8ffcb/files/52a82bc3195224636b489a09e3f6c6b41365851f9e8de787a245553fc8e8d0e0 [stream]
[debug] [2021-08-25T02:29:43.424Z] >>> [apiv2][query] POST https://upload-firebasehosting.googleapis.com/upload/sites/beabout-personal-site/versions/c39f5a37bda8ffcb/files/74727db789fa0a696fe581244653adf4b10e75bb31caec1d6c628a68617665d6 [none]
[debug] [2021-08-25T02:29:43.424Z] >>> [apiv2][body] POST https://upload-firebasehosting.googleapis.com/upload/sites/beabout-personal-site/versions/c39f5a37bda8ffcb/files/74727db789fa0a696fe581244653adf4b10e75bb31caec1d6c628a68617665d6 [stream]
[debug] [2021-08-25T02:29:43.426Z] >>> [apiv2][query] POST https://upload-firebasehosting.googleapis.com/upload/sites/beabout-personal-site/versions/c39f5a37bda8ffcb/files/2865d279aa6b7b9bb58b7862ad3b49bb41527932e447ddd4418e45cf0053380a [none]
[debug] [2021-08-25T02:29:43.426Z] >>> [apiv2][body] POST https://upload-firebasehosting.googleapis.com/upload/sites/beabout-personal-site/versions/c39f5a37bda8ffcb/files/2865d279aa6b7b9bb58b7862ad3b49bb41527932e447ddd4418e45cf0053380a [stream]
[debug] [2021-08-25T02:29:43.427Z] >>> [apiv2][query] POST https://upload-firebasehosting.googleapis.com/upload/sites/beabout-personal-site/versions/c39f5a37bda8ffcb/files/3674fa382056d3101874a371219300876a247ef0b15450b9b04bcda1abdd0cfb [none]
[debug] [2021-08-25T02:29:43.427Z] >>> [apiv2][body] POST https://upload-firebasehosting.googleapis.com/upload/sites/beabout-personal-site/versions/c39f5a37bda8ffcb/files/3674fa382056d3101874a371219300876a247ef0b15450b9b04bcda1abdd0cfb [stream]
[debug] [2021-08-25T02:29:43.428Z] >>> [apiv2][query] POST https://upload-firebasehosting.googleapis.com/upload/sites/beabout-personal-site/versions/c39f5a37bda8ffcb/files/0ada37ee5d29c28abab47cc796dedbf1e950c2379900c20e1323b04ff1048533 [none]
[debug] [2021-08-25T02:29:43.429Z] >>> [apiv2][body] POST https://upload-firebasehosting.googleapis.com/upload/sites/beabout-personal-site/versions/c39f5a37bda8ffcb/files/0ada37ee5d29c28abab47cc796dedbf1e950c2379900c20e1323b04ff1048533 [stream]
[debug] [2021-08-25T02:29:43.430Z] >>> [apiv2][query] POST https://upload-firebasehosting.googleapis.com/upload/sites/beabout-personal-site/versions/c39f5a37bda8ffcb/files/2fbbbd65429cbd4094afd5888bcad2065343146b38b8a36adf179944824a2c08 [none]
[debug] [2021-08-25T02:29:43.430Z] >>> [apiv2][body] POST https://upload-firebasehosting.googleapis.com/upload/sites/beabout-personal-site/versions/c39f5a37bda8ffcb/files/2fbbbd65429cbd4094afd5888bcad2065343146b38b8a36adf179944824a2c08 [stream]
[debug] [2021-08-25T02:29:43.432Z] >>> [apiv2][query] POST https://upload-firebasehosting.googleapis.com/upload/sites/beabout-personal-site/versions/c39f5a37bda8ffcb/files/fd8796943dc6c3e453be93d202f0fb239572f2a2befecd4043e7b981d3de5e47 [none]
[debug] [2021-08-25T02:29:43.432Z] >>> [apiv2][body] POST https://upload-firebasehosting.googleapis.com/upload/sites/beabout-personal-site/versions/c39f5a37bda8ffcb/files/fd8796943dc6c3e453be93d202f0fb239572f2a2befecd4043e7b981d3de5e47 [stream]
[debug] [2021-08-25T02:29:43.434Z] >>> [apiv2][query] POST https://upload-firebasehosting.googleapis.com/upload/sites/beabout-personal-site/versions/c39f5a37bda8ffcb/files/9b27e82cb17b64a8c77d6691a4dbc4f3c91da77563e37cbc04f097486cdad02e [none]
[debug] [2021-08-25T02:29:43.434Z] >>> [apiv2][body] POST https://upload-firebasehosting.googleapis.com/upload/sites/beabout-personal-site/versions/c39f5a37bda8ffcb/files/9b27e82cb17b64a8c77d6691a4dbc4f3c91da77563e37cbc04f097486cdad02e [stream]
[debug] [2021-08-25T02:29:43.435Z] >>> [apiv2][query] POST https://upload-firebasehosting.googleapis.com/upload/sites/beabout-personal-site/versions/c39f5a37bda8ffcb/files/d0d5d476ba4ed59f76b29179a27494b09a8bbfafcd1fdd9bef3790fb4a278690 [none]
[debug] [2021-08-25T02:29:43.435Z] >>> [apiv2][body] POST https://upload-firebasehosting.googleapis.com/upload/sites/beabout-personal-site/versions/c39f5a37bda8ffcb/files/d0d5d476ba4ed59f76b29179a27494b09a8bbfafcd1fdd9bef3790fb4a278690 [stream]
[debug] [2021-08-25T02:29:43.436Z] >>> [apiv2][query] POST https://upload-firebasehosting.googleapis.com/upload/sites/beabout-personal-site/versions/c39f5a37bda8ffcb/files/68c61f60feb23d2db94d4c5ce510ae4a1a298a9a3655ec6c83d0f9762ac5d587 [none]
[debug] [2021-08-25T02:29:43.436Z] >>> [apiv2][body] POST https://upload-firebasehosting.googleapis.com/upload/sites/beabout-personal-site/versions/c39f5a37bda8ffcb/files/68c61f60feb23d2db94d4c5ce510ae4a1a298a9a3655ec6c83d0f9762ac5d587 [stream]
[debug] [2021-08-25T02:29:43.438Z] >>> [apiv2][query] POST https://upload-firebasehosting.googleapis.com/upload/sites/beabout-personal-site/versions/c39f5a37bda8ffcb/files/f455c9921cf93bb1d4a42cdb5207a09a860cf78a7854995b2c43ade6e303e319 [none]
[debug] [2021-08-25T02:29:43.438Z] >>> [apiv2][body] POST https://upload-firebasehosting.googleapis.com/upload/sites/beabout-personal-site/versions/c39f5a37bda8ffcb/files/f455c9921cf93bb1d4a42cdb5207a09a860cf78a7854995b2c43ade6e303e319 [stream]
[debug] [2021-08-25T02:29:43.439Z] >>> [apiv2][query] POST https://upload-firebasehosting.googleapis.com/upload/sites/beabout-personal-site/versions/c39f5a37bda8ffcb/files/7779210d56c1f3741e2e487799fe3092def4fa6ac450a60532b807c3a8971205 [none]
[debug] [2021-08-25T02:29:43.439Z] >>> [apiv2][body] POST https://upload-firebasehosting.googleapis.com/upload/sites/beabout-personal-site/versions/c39f5a37bda8ffcb/files/7779210d56c1f3741e2e487799fe3092def4fa6ac450a60532b807c3a8971205 [stream]
[debug] [2021-08-25T02:29:43.440Z] >>> [apiv2][query] POST https://upload-firebasehosting.googleapis.com/upload/sites/beabout-personal-site/versions/c39f5a37bda8ffcb/files/12c77055696278694a8feb77a9421dd85f8af25a81d812822be112e4be628fcf [none]
[debug] [2021-08-25T02:29:43.440Z] >>> [apiv2][body] POST https://upload-firebasehosting.googleapis.com/upload/sites/beabout-personal-site/versions/c39f5a37bda8ffcb/files/12c77055696278694a8feb77a9421dd85f8af25a81d812822be112e4be628fcf [stream]
[debug] [2021-08-25T02:29:43.441Z] >>> [apiv2][query] POST https://upload-firebasehosting.googleapis.com/upload/sites/beabout-personal-site/versions/c39f5a37bda8ffcb/files/d800af5f3ed2c343ef93c3054d35fe557198fab5e16082c9e8fcdc3c3e3180c3 [none]
[debug] [2021-08-25T02:29:43.442Z] >>> [apiv2][body] POST https://upload-firebasehosting.googleapis.com/upload/sites/beabout-personal-site/versions/c39f5a37bda8ffcb/files/d800af5f3ed2c343ef93c3054d35fe557198fab5e16082c9e8fcdc3c3e3180c3 [stream]
[debug] [2021-08-25T02:29:43.443Z] >>> [apiv2][query] POST https://upload-firebasehosting.googleapis.com/upload/sites/beabout-personal-site/versions/c39f5a37bda8ffcb/files/a32e0c40b0138472fb413c58bde62fe5bbef658acca5cd485f625188b1f32ea7 [none]
[debug] [2021-08-25T02:29:43.443Z] >>> [apiv2][body] POST https://upload-firebasehosting.googleapis.com/upload/sites/beabout-personal-site/versions/c39f5a37bda8ffcb/files/a32e0c40b0138472fb413c58bde62fe5bbef658acca5cd485f625188b1f32ea7 [stream]
[debug] [2021-08-25T02:29:43.445Z] >>> [apiv2][query] POST https://upload-firebasehosting.googleapis.com/upload/sites/beabout-personal-site/versions/c39f5a37bda8ffcb/files/b1524745862f63c9311bb131a1a87212468692343d188cae87bba68490406e67 [none]
[debug] [2021-08-25T02:29:43.445Z] >>> [apiv2][body] POST https://upload-firebasehosting.googleapis.com/upload/sites/beabout-personal-site/versions/c39f5a37bda8ffcb/files/b1524745862f63c9311bb131a1a87212468692343d188cae87bba68490406e67 [stream]
[debug] [2021-08-25T02:29:43.446Z] >>> [apiv2][query] POST https://upload-firebasehosting.googleapis.com/upload/sites/beabout-personal-site/versions/c39f5a37bda8ffcb/files/76c449ccb9cd117c2f2338f091b18f7050f3210e249b2228f5c81b23f34377cd [none]
[debug] [2021-08-25T02:29:43.446Z] >>> [apiv2][body] POST https://upload-firebasehosting.googleapis.com/upload/sites/beabout-personal-site/versions/c39f5a37bda8ffcb/files/76c449ccb9cd117c2f2338f091b18f7050f3210e249b2228f5c81b23f34377cd [stream]
[debug] [2021-08-25T02:29:43.448Z] >>> [apiv2][query] POST https://upload-firebasehosting.googleapis.com/upload/sites/beabout-personal-site/versions/c39f5a37bda8ffcb/files/2544ca049f223a42bff01f72ad930a5edba75bbb7199d0f8430a02ff5aca16ec [none]
[debug] [2021-08-25T02:29:43.448Z] >>> [apiv2][body] POST https://upload-firebasehosting.googleapis.com/upload/sites/beabout-personal-site/versions/c39f5a37bda8ffcb/files/2544ca049f223a42bff01f72ad930a5edba75bbb7199d0f8430a02ff5aca16ec [stream]
[debug] [2021-08-25T02:29:43.449Z] >>> [apiv2][query] POST https://upload-firebasehosting.googleapis.com/upload/sites/beabout-personal-site/versions/c39f5a37bda8ffcb/files/0958a5e0c831126100c8c2d06a6bbaa665a3900f21aaff4130238a6f5a113aa1 [none]
[debug] [2021-08-25T02:29:43.449Z] >>> [apiv2][body] POST https://upload-firebasehosting.googleapis.com/upload/sites/beabout-personal-site/versions/c39f5a37bda8ffcb/files/0958a5e0c831126100c8c2d06a6bbaa665a3900f21aaff4130238a6f5a113aa1 [stream]
[debug] [2021-08-25T02:29:43.450Z] >>> [apiv2][query] POST https://upload-firebasehosting.googleapis.com/upload/sites/beabout-personal-site/versions/c39f5a37bda8ffcb/files/cd14297f791da61171ab174d2ca93675104dd9e7243e3de2db1680c22a806bcf [none]
[debug] [2021-08-25T02:29:43.450Z] >>> [apiv2][body] POST https://upload-firebasehosting.googleapis.com/upload/sites/beabout-personal-site/versions/c39f5a37bda8ffcb/files/cd14297f791da61171ab174d2ca93675104dd9e7243e3de2db1680c22a806bcf [stream]
[debug] [2021-08-25T02:29:43.451Z] >>> [apiv2][query] POST https://upload-firebasehosting.googleapis.com/upload/sites/beabout-personal-site/versions/c39f5a37bda8ffcb/files/1b77a36bcbfccde24ab7edf48895a3f874e9498b076a5951b26115777087a425 [none]
[debug] [2021-08-25T02:29:43.451Z] >>> [apiv2][body] POST https://upload-firebasehosting.googleapis.com/upload/sites/beabout-personal-site/versions/c39f5a37bda8ffcb/files/1b77a36bcbfccde24ab7edf48895a3f874e9498b076a5951b26115777087a425 [stream]
[debug] [2021-08-25T02:29:43.452Z] [hosting][populate queue][FINAL] {"max":664,"min":664,"avg":664,"active":0,"complete":1,"success":1,"errored":0,"retried":0,"total":1,"elapsed":695}
[debug] [2021-08-25T02:29:43.453Z] [hosting] uploads queued: 21
[debug] [2021-08-25T02:29:44.029Z] <<< [apiv2][status] POST https://upload-firebasehosting.googleapis.com/upload/sites/beabout-personal-site/versions/c39f5a37bda8ffcb/files/2544ca049f223a42bff01f72ad930a5edba75bbb7199d0f8430a02ff5aca16ec 200
[debug] [2021-08-25T02:29:44.029Z] <<< [apiv2][body] POST https://upload-firebasehosting.googleapis.com/upload/sites/beabout-personal-site/versions/c39f5a37bda8ffcb/files/2544ca049f223a42bff01f72ad930a5edba75bbb7199d0f8430a02ff5aca16ec [stream]
[debug] [2021-08-25T02:29:44.049Z] <<< [apiv2][status] POST https://upload-firebasehosting.googleapis.com/upload/sites/beabout-personal-site/versions/c39f5a37bda8ffcb/files/0958a5e0c831126100c8c2d06a6bbaa665a3900f21aaff4130238a6f5a113aa1 200
[debug] [2021-08-25T02:29:44.049Z] <<< [apiv2][body] POST https://upload-firebasehosting.googleapis.com/upload/sites/beabout-personal-site/versions/c39f5a37bda8ffcb/files/0958a5e0c831126100c8c2d06a6bbaa665a3900f21aaff4130238a6f5a113aa1 [stream]
[debug] [2021-08-25T02:29:44.052Z] <<< [apiv2][status] POST https://upload-firebasehosting.googleapis.com/upload/sites/beabout-personal-site/versions/c39f5a37bda8ffcb/files/68c61f60feb23d2db94d4c5ce510ae4a1a298a9a3655ec6c83d0f9762ac5d587 200
[debug] [2021-08-25T02:29:44.052Z] <<< [apiv2][body] POST https://upload-firebasehosting.googleapis.com/upload/sites/beabout-personal-site/versions/c39f5a37bda8ffcb/files/68c61f60feb23d2db94d4c5ce510ae4a1a298a9a3655ec6c83d0f9762ac5d587 [stream]
[debug] [2021-08-25T02:29:44.057Z] <<< [apiv2][status] POST https://upload-firebasehosting.googleapis.com/upload/sites/beabout-personal-site/versions/c39f5a37bda8ffcb/files/76c449ccb9cd117c2f2338f091b18f7050f3210e249b2228f5c81b23f34377cd 200
[debug] [2021-08-25T02:29:44.057Z] <<< [apiv2][body] POST https://upload-firebasehosting.googleapis.com/upload/sites/beabout-personal-site/versions/c39f5a37bda8ffcb/files/76c449ccb9cd117c2f2338f091b18f7050f3210e249b2228f5c81b23f34377cd [stream]
[debug] [2021-08-25T02:29:44.066Z] <<< [apiv2][status] POST https://upload-firebasehosting.googleapis.com/upload/sites/beabout-personal-site/versions/c39f5a37bda8ffcb/files/74727db789fa0a696fe581244653adf4b10e75bb31caec1d6c628a68617665d6 200
[debug] [2021-08-25T02:29:44.066Z] <<< [apiv2][body] POST https://upload-firebasehosting.googleapis.com/upload/sites/beabout-personal-site/versions/c39f5a37bda8ffcb/files/74727db789fa0a696fe581244653adf4b10e75bb31caec1d6c628a68617665d6 [stream]
[debug] [2021-08-25T02:29:44.068Z] <<< [apiv2][status] POST https://upload-firebasehosting.googleapis.com/upload/sites/beabout-personal-site/versions/c39f5a37bda8ffcb/files/2865d279aa6b7b9bb58b7862ad3b49bb41527932e447ddd4418e45cf0053380a 200
[debug] [2021-08-25T02:29:44.068Z] <<< [apiv2][body] POST https://upload-firebasehosting.googleapis.com/upload/sites/beabout-personal-site/versions/c39f5a37bda8ffcb/files/2865d279aa6b7b9bb58b7862ad3b49bb41527932e447ddd4418e45cf0053380a [stream]
[debug] [2021-08-25T02:29:44.094Z] <<< [apiv2][status] POST https://upload-firebasehosting.googleapis.com/upload/sites/beabout-personal-site/versions/c39f5a37bda8ffcb/files/3674fa382056d3101874a371219300876a247ef0b15450b9b04bcda1abdd0cfb 200
[debug] [2021-08-25T02:29:44.094Z] <<< [apiv2][body] POST https://upload-firebasehosting.googleapis.com/upload/sites/beabout-personal-site/versions/c39f5a37bda8ffcb/files/3674fa382056d3101874a371219300876a247ef0b15450b9b04bcda1abdd0cfb [stream]
[debug] [2021-08-25T02:29:44.101Z] <<< [apiv2][status] POST https://upload-firebasehosting.googleapis.com/upload/sites/beabout-personal-site/versions/c39f5a37bda8ffcb/files/12c77055696278694a8feb77a9421dd85f8af25a81d812822be112e4be628fcf 200
[debug] [2021-08-25T02:29:44.101Z] <<< [apiv2][body] POST https://upload-firebasehosting.googleapis.com/upload/sites/beabout-personal-site/versions/c39f5a37bda8ffcb/files/12c77055696278694a8feb77a9421dd85f8af25a81d812822be112e4be628fcf [stream]
[debug] [2021-08-25T02:29:44.128Z] <<< [apiv2][status] POST https://upload-firebasehosting.googleapis.com/upload/sites/beabout-personal-site/versions/c39f5a37bda8ffcb/files/0ada37ee5d29c28abab47cc796dedbf1e950c2379900c20e1323b04ff1048533 200
[debug] [2021-08-25T02:29:44.129Z] <<< [apiv2][body] POST https://upload-firebasehosting.googleapis.com/upload/sites/beabout-personal-site/versions/c39f5a37bda8ffcb/files/0ada37ee5d29c28abab47cc796dedbf1e950c2379900c20e1323b04ff1048533 [stream]
[debug] [2021-08-25T02:29:44.134Z] <<< [apiv2][status] POST https://upload-firebasehosting.googleapis.com/upload/sites/beabout-personal-site/versions/c39f5a37bda8ffcb/files/52a82bc3195224636b489a09e3f6c6b41365851f9e8de787a245553fc8e8d0e0 200
[debug] [2021-08-25T02:29:44.134Z] <<< [apiv2][body] POST https://upload-firebasehosting.googleapis.com/upload/sites/beabout-personal-site/versions/c39f5a37bda8ffcb/files/52a82bc3195224636b489a09e3f6c6b41365851f9e8de787a245553fc8e8d0e0 [stream]
[debug] [2021-08-25T02:29:44.136Z] <<< [apiv2][status] POST https://upload-firebasehosting.googleapis.com/upload/sites/beabout-personal-site/versions/c39f5a37bda8ffcb/files/2fbbbd65429cbd4094afd5888bcad2065343146b38b8a36adf179944824a2c08 200
[debug] [2021-08-25T02:29:44.136Z] <<< [apiv2][body] POST https://upload-firebasehosting.googleapis.com/upload/sites/beabout-personal-site/versions/c39f5a37bda8ffcb/files/2fbbbd65429cbd4094afd5888bcad2065343146b38b8a36adf179944824a2c08 [stream]
[debug] [2021-08-25T02:29:44.144Z] <<< [apiv2][status] POST https://upload-firebasehosting.googleapis.com/upload/sites/beabout-personal-site/versions/c39f5a37bda8ffcb/files/f455c9921cf93bb1d4a42cdb5207a09a860cf78a7854995b2c43ade6e303e319 200
[debug] [2021-08-25T02:29:44.144Z] <<< [apiv2][body] POST https://upload-firebasehosting.googleapis.com/upload/sites/beabout-personal-site/versions/c39f5a37bda8ffcb/files/f455c9921cf93bb1d4a42cdb5207a09a860cf78a7854995b2c43ade6e303e319 [stream]
[debug] [2021-08-25T02:29:44.155Z] <<< [apiv2][status] POST https://upload-firebasehosting.googleapis.com/upload/sites/beabout-personal-site/versions/c39f5a37bda8ffcb/files/b1524745862f63c9311bb131a1a87212468692343d188cae87bba68490406e67 200
[debug] [2021-08-25T02:29:44.156Z] <<< [apiv2][body] POST https://upload-firebasehosting.googleapis.com/upload/sites/beabout-personal-site/versions/c39f5a37bda8ffcb/files/b1524745862f63c9311bb131a1a87212468692343d188cae87bba68490406e67 [stream]
[debug] [2021-08-25T02:29:44.161Z] <<< [apiv2][status] POST https://upload-firebasehosting.googleapis.com/upload/sites/beabout-personal-site/versions/c39f5a37bda8ffcb/files/a32e0c40b0138472fb413c58bde62fe5bbef658acca5cd485f625188b1f32ea7 200
[debug] [2021-08-25T02:29:44.161Z] <<< [apiv2][body] POST https://upload-firebasehosting.googleapis.com/upload/sites/beabout-personal-site/versions/c39f5a37bda8ffcb/files/a32e0c40b0138472fb413c58bde62fe5bbef658acca5cd485f625188b1f32ea7 [stream]
[debug] [2021-08-25T02:29:44.166Z] <<< [apiv2][status] POST https://upload-firebasehosting.googleapis.com/upload/sites/beabout-personal-site/versions/c39f5a37bda8ffcb/files/cd14297f791da61171ab174d2ca93675104dd9e7243e3de2db1680c22a806bcf 200
[debug] [2021-08-25T02:29:44.166Z] <<< [apiv2][body] POST https://upload-firebasehosting.googleapis.com/upload/sites/beabout-personal-site/versions/c39f5a37bda8ffcb/files/cd14297f791da61171ab174d2ca93675104dd9e7243e3de2db1680c22a806bcf [stream]
[debug] [2021-08-25T02:29:44.168Z] <<< [apiv2][status] POST https://upload-firebasehosting.googleapis.com/upload/sites/beabout-personal-site/versions/c39f5a37bda8ffcb/files/fd8796943dc6c3e453be93d202f0fb239572f2a2befecd4043e7b981d3de5e47 200
[debug] [2021-08-25T02:29:44.169Z] <<< [apiv2][body] POST https://upload-firebasehosting.googleapis.com/upload/sites/beabout-personal-site/versions/c39f5a37bda8ffcb/files/fd8796943dc6c3e453be93d202f0fb239572f2a2befecd4043e7b981d3de5e47 [stream]
[debug] [2021-08-25T02:29:44.219Z] <<< [apiv2][status] POST https://upload-firebasehosting.googleapis.com/upload/sites/beabout-personal-site/versions/c39f5a37bda8ffcb/files/d800af5f3ed2c343ef93c3054d35fe557198fab5e16082c9e8fcdc3c3e3180c3 200
[debug] [2021-08-25T02:29:44.219Z] <<< [apiv2][body] POST https://upload-firebasehosting.googleapis.com/upload/sites/beabout-personal-site/versions/c39f5a37bda8ffcb/files/d800af5f3ed2c343ef93c3054d35fe557198fab5e16082c9e8fcdc3c3e3180c3 [stream]
[debug] [2021-08-25T02:29:44.286Z] <<< [apiv2][status] POST https://upload-firebasehosting.googleapis.com/upload/sites/beabout-personal-site/versions/c39f5a37bda8ffcb/files/7779210d56c1f3741e2e487799fe3092def4fa6ac450a60532b807c3a8971205 200
[debug] [2021-08-25T02:29:44.286Z] <<< [apiv2][body] POST https://upload-firebasehosting.googleapis.com/upload/sites/beabout-personal-site/versions/c39f5a37bda8ffcb/files/7779210d56c1f3741e2e487799fe3092def4fa6ac450a60532b807c3a8971205 [stream]
[debug] [2021-08-25T02:30:31.218Z] ----------------------------------------------------------------------
[debug] [2021-08-25T02:30:31.222Z] Command:       /usr/bin/node /usr/local/bin/firebase deploy
[debug] [2021-08-25T02:30:31.223Z] CLI Version:   9.16.5
[debug] [2021-08-25T02:30:31.223Z] Platform:      linux
[debug] [2021-08-25T02:30:31.223Z] Node Version:  v10.19.0
[debug] [2021-08-25T02:30:31.224Z] Time:          Tue Aug 24 2021 21:30:31 GMT-0500 (Central Daylight Time)
[debug] [2021-08-25T02:30:31.224Z] ----------------------------------------------------------------------
[debug] 
[debug] [2021-08-25T02:30:31.384Z] > command requires scopes: ["email","openid","https://www.googleapis.com/auth/cloudplatformprojects.readonly","https://www.googleapis.com/auth/firebase","https://www.googleapis.com/auth/cloud-platform"]
[debug] [2021-08-25T02:30:31.385Z] > authorizing via signed-in user (beaboutclayton@gmail.com)
[debug] [2021-08-25T02:30:31.385Z] [iam] checking project beabout-personal-site for permissions ["firebase.projects.get","firebasehosting.sites.update"]
[debug] [2021-08-25T02:30:31.389Z] > refreshing access token with scopes: ["email","https://www.googleapis.com/auth/cloud-platform","https://www.googleapis.com/auth/cloudplatformprojects.readonly","https://www.googleapis.com/auth/firebase","openid"]
[debug] [2021-08-25T02:30:31.390Z] >>> HTTP REQUEST POST https://www.googleapis.com/oauth2/v3/token  
 <request body omitted>
[debug] [2021-08-25T02:30:31.938Z] <<< HTTP RESPONSE 200 {"cache-control":"no-cache, no-store, max-age=0, must-revalidate","date":"Wed, 25 Aug 2021 02:30:31 GMT","pragma":"no-cache","expires":"Mon, 01 Jan 1990 00:00:00 GMT","content-type":"application/json; charset=utf-8","vary":"X-Origin, Referer, Origin,Accept-Encoding","server":"scaffolding on HTTPServer2","x-xss-protection":"0","x-frame-options":"SAMEORIGIN","x-content-type-options":"nosniff","alt-svc":"h3=\":443\"; ma=2592000,h3-29=\":443\"; ma=2592000,h3-T051=\":443\"; ma=2592000,h3-Q050=\":443\"; ma=2592000,h3-Q046=\":443\"; ma=2592000,h3-Q043=\":443\"; ma=2592000,quic=\":443\"; ma=2592000; v=\"46,43\"","accept-ranges":"none","transfer-encoding":"chunked"}
[debug] [2021-08-25T02:30:32.210Z] >>> HTTP REQUEST POST https://cloudresourcemanager.googleapis.com/v1/projects/beabout-personal-site:testIamPermissions  
 {"permissions":["firebase.projects.get","firebasehosting.sites.update"]}
[debug] [2021-08-25T02:30:32.574Z] <<< HTTP RESPONSE 200 {"content-type":"application/json; charset=UTF-8","vary":"X-Origin, Referer, Origin,Accept-Encoding","date":"Wed, 25 Aug 2021 02:30:32 GMT","server":"ESF","cache-control":"private","x-xss-protection":"0","x-frame-options":"SAMEORIGIN","x-content-type-options":"nosniff","server-timing":"gfet4t7; dur=41","alt-svc":"h3=\":443\"; ma=2592000,h3-29=\":443\"; ma=2592000,h3-T051=\":443\"; ma=2592000,h3-Q050=\":443\"; ma=2592000,h3-Q046=\":443\"; ma=2592000,h3-Q043=\":443\"; ma=2592000,quic=\":443\"; ma=2592000; v=\"46,43\"","accept-ranges":"none","transfer-encoding":"chunked"}
[debug] [2021-08-25T02:30:32.578Z] > refreshing access token with scopes: []
[debug] [2021-08-25T02:30:32.578Z] >>> HTTP REQUEST POST https://www.googleapis.com/oauth2/v3/token  
 <request body omitted>
[debug] [2021-08-25T02:30:32.731Z] <<< HTTP RESPONSE 200 {"cache-control":"no-cache, no-store, max-age=0, must-revalidate","date":"Wed, 25 Aug 2021 02:30:32 GMT","pragma":"no-cache","expires":"Mon, 01 Jan 1990 00:00:00 GMT","content-type":"application/json; charset=utf-8","vary":"X-Origin, Referer, Origin,Accept-Encoding","server":"scaffolding on HTTPServer2","x-xss-protection":"0","x-frame-options":"SAMEORIGIN","x-content-type-options":"nosniff","alt-svc":"h3=\":443\"; ma=2592000,h3-29=\":443\"; ma=2592000,h3-T051=\":443\"; ma=2592000,h3-Q050=\":443\"; ma=2592000,h3-Q046=\":443\"; ma=2592000,h3-Q043=\":443\"; ma=2592000,quic=\":443\"; ma=2592000; v=\"46,43\"","accept-ranges":"none","transfer-encoding":"chunked"}
[debug] [2021-08-25T02:30:32.923Z] >>> [apiv2][query] GET https://firebase.googleapis.com/v1beta1/projects/beabout-personal-site [none]
[debug] [2021-08-25T02:30:33.179Z] <<< [apiv2][status] GET https://firebase.googleapis.com/v1beta1/projects/beabout-personal-site 200
[debug] [2021-08-25T02:30:33.180Z] <<< [apiv2][body] GET https://firebase.googleapis.com/v1beta1/projects/beabout-personal-site {"projectId":"beabout-personal-site","projectNumber":"436323489751","displayName":"Beabout Personal Site","name":"projects/beabout-personal-site","resources":{"hostingSite":"beabout-personal-site","realtimeDatabaseInstance":"beabout-personal-site"},"state":"ACTIVE"}
[info] 
[info] === Deploying to 'beabout-personal-site'...
[info] 
[info] i  deploying hosting 
[debug] [2021-08-25T02:30:33.187Z] > refreshing access token with scopes: ["email","https://www.googleapis.com/auth/cloud-platform","https://www.googleapis.com/auth/cloudplatformprojects.readonly","https://www.googleapis.com/auth/firebase","openid"]
[debug] [2021-08-25T02:30:33.187Z] >>> HTTP REQUEST POST https://www.googleapis.com/oauth2/v3/token  
 <request body omitted>
[debug] [2021-08-25T02:30:33.285Z] <<< HTTP RESPONSE 200 {"expires":"Mon, 01 Jan 1990 00:00:00 GMT","cache-control":"no-cache, no-store, max-age=0, must-revalidate","pragma":"no-cache","date":"Wed, 25 Aug 2021 02:30:33 GMT","content-type":"application/json; charset=utf-8","vary":"X-Origin, Referer, Origin,Accept-Encoding","server":"scaffolding on HTTPServer2","x-xss-protection":"0","x-frame-options":"SAMEORIGIN","x-content-type-options":"nosniff","alt-svc":"h3=\":443\"; ma=2592000,h3-29=\":443\"; ma=2592000,h3-T051=\":443\"; ma=2592000,h3-Q050=\":443\"; ma=2592000,h3-Q046=\":443\"; ma=2592000,h3-Q043=\":443\"; ma=2592000,quic=\":443\"; ma=2592000; v=\"46,43\"","accept-ranges":"none","transfer-encoding":"chunked"}
[debug] [2021-08-25T02:30:33.385Z] >>> HTTP REQUEST POST https://firebasehosting.googleapis.com/v1beta1/sites/beabout-personal-site/versions  
 {"config":{"rewrites":[{"glob":"**","path":"/index.html"}]},"labels":{"deployment-tool":"cli-firebase"}}
